<?xml version="1.0" encoding="UTF-8"?>
<!-- Generated by org.testng.reporters.JUnitReportReporter -->
<testsuite skipped="0" hostname="CDC2-D-CM7SXJ2" name="tests.RegisterUser" tests="1" failures="0" timestamp="15 Oct 2019 08:22:54 GMT" time="76.510" errors="0">
  <testcase name="newuser" time="76.510" classname="tests.RegisterUser"/>
</testsuite> <!-- tests.RegisterUser -->
