<?xml version="1.0" encoding="UTF-8"?>
<!-- Generated by org.testng.reporters.JUnitReportReporter -->
<testsuite skipped="0" hostname="CDC2-D-CM7SXJ2" name="seleniumdemos.Fileoutput" tests="1" failures="0" timestamp="15 Oct 2019 05:58:48 GMT" time="0.909" errors="0">
  <testcase name="f" time="0.909" classname="seleniumdemos.Fileoutput"/>
</testsuite> <!-- seleniumdemos.Fileoutput -->
