<?xml version="1.0" encoding="UTF-8"?>
<!-- Generated by org.testng.reporters.JUnitReportReporter -->
<testsuite skipped="0" hostname="CDC2-D-CM7SXJ2" name="tests.PageFactoryLogin" tests="1" failures="0" timestamp="15 Oct 2019 08:40:20 GMT" time="124.308" errors="0">
  <testcase name="loginpage" time="124.308" classname="tests.PageFactoryLogin"/>
</testsuite> <!-- tests.PageFactoryLogin -->
