<?xml version="1.0" encoding="UTF-8"?>
<!-- Generated by org.testng.reporters.JUnitReportReporter -->
<testsuite skipped="0" hostname="CDC2-D-CM7SXJ2" name="tests.Logintest" tests="1" failures="0" timestamp="15 Oct 2019 06:41:43 GMT" time="203.439" errors="0">
  <testcase name="login" time="203.439" classname="tests.Logintest"/>
</testsuite> <!-- tests.Logintest -->
